android/app/build/intermediates/manifest_merge_blame_file/debug/manifest-merger-blame-debug-report.txt
1<?xml version="1.0" encoding="utf-8"?>
2<manifest xmlns:android="http://schemas.android.com/apk/res/android"
3    package="com.ardrawing"
4    android:versionCode="1"
5    android:versionName="1.0" >
6
7    <uses-sdk
8        android:minSdkVersion="23"
9        android:targetSdkVersion="34" />
10
11    <uses-permission android:name="android.permission.ACCESS_MEDIA_LOCATION" />
11-->src/main/AndroidManifest.xml:4:4-79
11-->src/main/AndroidManifest.xml:4:21-76
12    <uses-permission android:name="android.permission.ACTIVITY_RECOGNITION" />
12-->src/main/AndroidManifest.xml:5:4-78
12-->src/main/AndroidManifest.xml:5:21-75
13    <uses-permission android:name="com.android.voicemail.permission.ADD_VOICEMAIL" />
13-->src/main/AndroidManifest.xml:6:4-85
13-->src/main/AndroidManifest.xml:6:21-82
14    <uses-permission android:name="android.permission.CAMERA" />
14-->src/main/AndroidManifest.xml:7:3-63
14-->src/main/AndroidManifest.xml:7:20-60
15    <uses-permission android:name="android.permission.POST_NOTIFICATIONS" />
15-->src/main/AndroidManifest.xml:8:3-75
15-->src/main/AndroidManifest.xml:8:20-72
16    <uses-permission android:name="android.permission.READ_EXTERNAL_STORAGE" />
16-->src/main/AndroidManifest.xml:9:3-78
16-->src/main/AndroidManifest.xml:9:20-75
17    <uses-permission android:name="android.permission.READ_MEDIA_AUDIO" />
17-->src/main/AndroidManifest.xml:10:3-73
17-->src/main/AndroidManifest.xml:10:20-70
18    <uses-permission android:name="android.permission.READ_MEDIA_IMAGES" />
18-->src/main/AndroidManifest.xml:11:3-74
18-->src/main/AndroidManifest.xml:11:20-71
19    <uses-permission android:name="android.permission.READ_MEDIA_VIDEO" />
19-->src/main/AndroidManifest.xml:12:3-73
19-->src/main/AndroidManifest.xml:12:20-70
20    <uses-permission android:name="android.permission.WRITE_EXTERNAL_STORAGE" />
20-->src/main/AndroidManifest.xml:13:3-79
20-->src/main/AndroidManifest.xml:13:20-76
21    <uses-permission android:name="android.permission.FLASHLIGHT" />
21-->src/main/AndroidManifest.xml:14:3-67
21-->src/main/AndroidManifest.xml:14:20-64
22
23    <uses-feature android:name="android.hardware.camera.autofocus" />
23-->src/main/AndroidManifest.xml:15:3-68
23-->src/main/AndroidManifest.xml:15:17-65
24    <uses-feature android:name="android.hardware.camera.flash" />
24-->src/main/AndroidManifest.xml:16:3-64
24-->src/main/AndroidManifest.xml:16:17-61
25
26    <uses-permission android:name="android.permission.INTERNET" />
26-->[:react-native-admob-native-ads] AndroidManifest.xml:7:5-67
26-->[:react-native-admob-native-ads] AndroidManifest.xml:7:22-64
27    <uses-permission android:name="android.permission.WAKE_LOCK" />
27-->[:react-native-google-mobile-ads] AndroidManifest.xml:8:5-68
27-->[:react-native-google-mobile-ads] AndroidManifest.xml:8:22-65
28    <uses-permission android:name="android.permission.ACCESS_NETWORK_STATE" />
28-->[:react-native-google-mobile-ads] AndroidManifest.xml:9:5-79
28-->[:react-native-google-mobile-ads] AndroidManifest.xml:9:22-76
29    <!--
30    This manifest file is used only by Gradle to configure debug-only capabilities
31    for React Native Apps.
32    -->
33    <uses-permission android:name="android.permission.SYSTEM_ALERT_WINDOW" />
33-->[com.facebook.react:react-android:0.73.5] AndroidManifest.xml:16:5-78
33-->[com.facebook.react:react-android:0.73.5] AndroidManifest.xml:16:22-75
34    <uses-permission android:name="android.permission.ACCESS_WIFI_STATE" />
34-->[com.facebook.flipper:flipper:0.201.0] AndroidManifest.xml:14:5-76
34-->[com.facebook.flipper:flipper:0.201.0] AndroidManifest.xml:14:22-73
35
36    <queries>
36-->[androidx.camera:camera-extensions:1.4.0-alpha04] AndroidManifest.xml:22:5-26:15
37        <intent>
37-->[androidx.camera:camera-extensions:1.4.0-alpha04] AndroidManifest.xml:23:9-25:18
38            <action android:name="androidx.camera.extensions.action.VENDOR_ACTION" />
38-->[androidx.camera:camera-extensions:1.4.0-alpha04] AndroidManifest.xml:24:13-86
38-->[androidx.camera:camera-extensions:1.4.0-alpha04] AndroidManifest.xml:24:21-83
39        </intent>
40        <!-- For browser content -->
41        <intent>
41-->[com.google.android.gms:play-services-ads-lite:23.0.0] AndroidManifest.xml:38:9-44:18
42            <action android:name="android.intent.action.VIEW" />
42-->[com.google.android.gms:play-services-ads-lite:23.0.0] AndroidManifest.xml:39:13-65
42-->[com.google.android.gms:play-services-ads-lite:23.0.0] AndroidManifest.xml:39:21-62
43
44            <category android:name="android.intent.category.BROWSABLE" />
44-->[com.google.android.gms:play-services-ads-lite:23.0.0] AndroidManifest.xml:41:13-74
44-->[com.google.android.gms:play-services-ads-lite:23.0.0] AndroidManifest.xml:41:23-71
45
46            <data android:scheme="https" />
46-->[com.google.android.gms:play-services-ads-lite:23.0.0] AndroidManifest.xml:43:13-44
46-->[com.google.android.gms:play-services-ads-lite:23.0.0] AndroidManifest.xml:43:19-41
47        </intent> <!-- End of browser content -->
48        <!-- For CustomTabsService -->
49        <intent>
49-->[com.google.android.gms:play-services-ads-lite:23.0.0] AndroidManifest.xml:47:9-49:18
50            <action android:name="android.support.customtabs.action.CustomTabsService" />
50-->[com.google.android.gms:play-services-ads-lite:23.0.0] AndroidManifest.xml:48:13-90
50-->[com.google.android.gms:play-services-ads-lite:23.0.0] AndroidManifest.xml:48:21-87
51        </intent>
52    </queries>
53
54    <uses-permission android:name="com.google.android.gms.permission.AD_ID" />
54-->[com.google.android.gms:play-services-ads-lite:23.0.0] AndroidManifest.xml:26:5-79
54-->[com.google.android.gms:play-services-ads-lite:23.0.0] AndroidManifest.xml:26:22-76
55    <uses-permission android:name="android.permission.ACCESS_ADSERVICES_AD_ID" />
55-->[com.google.android.gms:play-services-ads-lite:23.0.0] AndroidManifest.xml:27:5-82
55-->[com.google.android.gms:play-services-ads-lite:23.0.0] AndroidManifest.xml:27:22-79
56    <uses-permission android:name="android.permission.ACCESS_ADSERVICES_ATTRIBUTION" />
56-->[com.google.android.gms:play-services-ads-lite:23.0.0] AndroidManifest.xml:28:5-88
56-->[com.google.android.gms:play-services-ads-lite:23.0.0] AndroidManifest.xml:28:22-85
57    <uses-permission android:name="android.permission.ACCESS_ADSERVICES_TOPICS" />
57-->[com.google.android.gms:play-services-ads-lite:23.0.0] AndroidManifest.xml:29:5-83
57-->[com.google.android.gms:play-services-ads-lite:23.0.0] AndroidManifest.xml:29:22-80
58    <uses-permission android:name="android.permission.FOREGROUND_SERVICE" />
58-->[androidx.work:work-runtime:2.7.0] AndroidManifest.xml:28:5-77
58-->[androidx.work:work-runtime:2.7.0] AndroidManifest.xml:28:22-74
59
60    <permission
60-->[androidx.core:core:1.9.0] AndroidManifest.xml:22:5-24:47
61        android:name="com.ardrawing.DYNAMIC_RECEIVER_NOT_EXPORTED_PERMISSION"
61-->[androidx.core:core:1.9.0] AndroidManifest.xml:23:9-81
62        android:protectionLevel="signature" />
62-->[androidx.core:core:1.9.0] AndroidManifest.xml:24:9-44
63
64    <uses-permission android:name="com.ardrawing.DYNAMIC_RECEIVER_NOT_EXPORTED_PERMISSION" />
64-->[androidx.core:core:1.9.0] AndroidManifest.xml:26:5-97
64-->[androidx.core:core:1.9.0] AndroidManifest.xml:26:22-94
65
66    <application
66-->src/main/AndroidManifest.xml:17:5-39:19
67        android:name="com.ardrawing.MainApplication"
67-->src/main/AndroidManifest.xml:18:7-38
68        android:allowBackup="false"
68-->src/main/AndroidManifest.xml:22:7-34
69        android:appComponentFactory="androidx.core.app.CoreComponentFactory"
69-->[androidx.core:core:1.9.0] AndroidManifest.xml:28:18-86
70        android:debuggable="true"
71        android:extractNativeLibs="false"
72        android:icon="@mipmap/ic_launcher"
72-->src/main/AndroidManifest.xml:20:7-41
73        android:label="@string/app_name"
73-->src/main/AndroidManifest.xml:19:7-39
74        android:roundIcon="@mipmap/ic_launcher_round"
74-->src/main/AndroidManifest.xml:21:7-52
75        android:theme="@style/AppTheme"
75-->src/main/AndroidManifest.xml:23:7-38
76        android:usesCleartextTraffic="true" >
76-->src/debug/AndroidManifest.xml:6:9-44
77        <activity
77-->src/main/AndroidManifest.xml:24:7-35:18
78            android:name="com.ardrawing.MainActivity"
78-->src/main/AndroidManifest.xml:25:9-37
79            android:configChanges="keyboard|keyboardHidden|orientation|screenLayout|screenSize|smallestScreenSize|uiMode"
79-->src/main/AndroidManifest.xml:27:9-118
80            android:exported="true"
80-->src/main/AndroidManifest.xml:30:9-32
81            android:label="@string/app_name"
81-->src/main/AndroidManifest.xml:26:9-41
82            android:launchMode="singleTask"
82-->src/main/AndroidManifest.xml:28:9-40
83            android:windowSoftInputMode="adjustResize" >
83-->src/main/AndroidManifest.xml:29:9-51
84            <intent-filter>
84-->src/main/AndroidManifest.xml:31:9-34:25
85                <action android:name="android.intent.action.MAIN" />
85-->src/main/AndroidManifest.xml:32:13-65
85-->src/main/AndroidManifest.xml:32:21-62
86
87                <category android:name="android.intent.category.LAUNCHER" />
87-->src/main/AndroidManifest.xml:33:13-73
87-->src/main/AndroidManifest.xml:33:23-70
88            </intent-filter>
89        </activity>
90
91        <meta-data
91-->src/main/AndroidManifest.xml:36:8-38:67
92            android:name="com.google.android.gms.ads.APPLICATION_ID"
92-->src/main/AndroidManifest.xml:37:11-67
93            android:value="ca-app-pub-3940256099942544~3347511713" />
93-->src/main/AndroidManifest.xml:38:11-65
94        <meta-data
94-->[:react-native-google-mobile-ads] AndroidManifest.xml:15:9-17:37
95            android:name="com.google.android.gms.ads.DELAY_APP_MEASUREMENT_INIT"
95-->[:react-native-google-mobile-ads] AndroidManifest.xml:16:13-81
96            android:value="false" />
96-->[:react-native-google-mobile-ads] AndroidManifest.xml:17:13-34
97        <meta-data
97-->[:react-native-google-mobile-ads] AndroidManifest.xml:18:9-20:36
98            android:name="com.google.android.gms.ads.flag.OPTIMIZE_INITIALIZATION"
98-->[:react-native-google-mobile-ads] AndroidManifest.xml:19:13-83
99            android:value="true" />
99-->[:react-native-google-mobile-ads] AndroidManifest.xml:20:13-33
100        <meta-data
100-->[:react-native-google-mobile-ads] AndroidManifest.xml:21:9-23:36
101            android:name="com.google.android.gms.ads.flag.OPTIMIZE_AD_LOADING"
101-->[:react-native-google-mobile-ads] AndroidManifest.xml:22:13-79
102            android:value="true" />
102-->[:react-native-google-mobile-ads] AndroidManifest.xml:23:13-33
103
104        <provider
104-->[:react-native-image-picker] AndroidManifest.xml:8:9-16:20
105            android:name="com.imagepicker.ImagePickerProvider"
105-->[:react-native-image-picker] AndroidManifest.xml:9:13-63
106            android:authorities="com.ardrawing.imagepickerprovider"
106-->[:react-native-image-picker] AndroidManifest.xml:10:13-71
107            android:exported="false"
107-->[:react-native-image-picker] AndroidManifest.xml:11:13-37
108            android:grantUriPermissions="true" >
108-->[:react-native-image-picker] AndroidManifest.xml:12:13-47
109            <meta-data
109-->[:react-native-image-picker] AndroidManifest.xml:13:13-15:70
110                android:name="android.support.FILE_PROVIDER_PATHS"
110-->[:react-native-image-picker] AndroidManifest.xml:14:17-67
111                android:resource="@xml/imagepicker_provider_paths" />
111-->[:react-native-image-picker] AndroidManifest.xml:15:17-67
112        </provider>
113
114        <activity
114-->[com.facebook.react:react-android:0.73.5] AndroidManifest.xml:19:9-21:40
115            android:name="com.facebook.react.devsupport.DevSettingsActivity"
115-->[com.facebook.react:react-android:0.73.5] AndroidManifest.xml:20:13-77
116            android:exported="false" />
116-->[com.facebook.react:react-android:0.73.5] AndroidManifest.xml:21:13-37
117
118        <uses-library
118-->[androidx.privacysandbox.ads:ads-adservices:1.0.0-beta05] AndroidManifest.xml:23:9-25:40
119            android:name="android.ext.adservices"
119-->[androidx.privacysandbox.ads:ads-adservices:1.0.0-beta05] AndroidManifest.xml:24:13-50
120            android:required="false" />
120-->[androidx.privacysandbox.ads:ads-adservices:1.0.0-beta05] AndroidManifest.xml:25:13-37
121        <uses-library
121-->[androidx.camera:camera-extensions:1.4.0-alpha04] AndroidManifest.xml:29:9-31:40
122            android:name="androidx.camera.extensions.impl"
122-->[androidx.camera:camera-extensions:1.4.0-alpha04] AndroidManifest.xml:30:13-59
123            android:required="false" />
123-->[androidx.camera:camera-extensions:1.4.0-alpha04] AndroidManifest.xml:31:13-37
124
125        <service
125-->[androidx.camera:camera-camera2:1.4.0-alpha04] AndroidManifest.xml:24:9-33:19
126            android:name="androidx.camera.core.impl.MetadataHolderService"
126-->[androidx.camera:camera-camera2:1.4.0-alpha04] AndroidManifest.xml:25:13-75
127            android:enabled="false"
127-->[androidx.camera:camera-camera2:1.4.0-alpha04] AndroidManifest.xml:26:13-36
128            android:exported="false" >
128-->[androidx.camera:camera-camera2:1.4.0-alpha04] AndroidManifest.xml:27:13-37
129            <meta-data
129-->[androidx.camera:camera-camera2:1.4.0-alpha04] AndroidManifest.xml:30:13-32:89
130                android:name="androidx.camera.core.impl.MetadataHolderService.DEFAULT_CONFIG_PROVIDER"
130-->[androidx.camera:camera-camera2:1.4.0-alpha04] AndroidManifest.xml:31:17-103
131                android:value="androidx.camera.camera2.Camera2Config$DefaultProvider" />
131-->[androidx.camera:camera-camera2:1.4.0-alpha04] AndroidManifest.xml:32:17-86
132        </service> <!-- Include the AdActivity and InAppPurchaseActivity configChanges and themes. -->
133        <activity
133-->[com.google.android.gms:play-services-ads-lite:23.0.0] AndroidManifest.xml:56:9-61:43
134            android:name="com.google.android.gms.ads.AdActivity"
134-->[com.google.android.gms:play-services-ads-lite:23.0.0] AndroidManifest.xml:57:13-65
135            android:configChanges="keyboard|keyboardHidden|orientation|screenLayout|uiMode|screenSize|smallestScreenSize"
135-->[com.google.android.gms:play-services-ads-lite:23.0.0] AndroidManifest.xml:58:13-122
136            android:exported="false"
136-->[com.google.android.gms:play-services-ads-lite:23.0.0] AndroidManifest.xml:59:13-37
137            android:theme="@android:style/Theme.Translucent" />
137-->[com.google.android.gms:play-services-ads-lite:23.0.0] AndroidManifest.xml:60:13-61
138
139        <provider
139-->[com.google.android.gms:play-services-ads-lite:23.0.0] AndroidManifest.xml:63:9-68:43
140            android:name="com.google.android.gms.ads.MobileAdsInitProvider"
140-->[com.google.android.gms:play-services-ads-lite:23.0.0] AndroidManifest.xml:64:13-76
141            android:authorities="com.ardrawing.mobileadsinitprovider"
141-->[com.google.android.gms:play-services-ads-lite:23.0.0] AndroidManifest.xml:65:13-73
142            android:exported="false"
142-->[com.google.android.gms:play-services-ads-lite:23.0.0] AndroidManifest.xml:66:13-37
143            android:initOrder="100" />
143-->[com.google.android.gms:play-services-ads-lite:23.0.0] AndroidManifest.xml:67:13-36
144
145        <service
145-->[com.google.android.gms:play-services-ads-lite:23.0.0] AndroidManifest.xml:70:9-74:43
146            android:name="com.google.android.gms.ads.AdService"
146-->[com.google.android.gms:play-services-ads-lite:23.0.0] AndroidManifest.xml:71:13-64
147            android:enabled="true"
147-->[com.google.android.gms:play-services-ads-lite:23.0.0] AndroidManifest.xml:72:13-35
148            android:exported="false" />
148-->[com.google.android.gms:play-services-ads-lite:23.0.0] AndroidManifest.xml:73:13-37
149
150        <activity
150-->[com.google.android.gms:play-services-ads-lite:23.0.0] AndroidManifest.xml:76:9-80:43
151            android:name="com.google.android.gms.ads.OutOfContextTestingActivity"
151-->[com.google.android.gms:play-services-ads-lite:23.0.0] AndroidManifest.xml:77:13-82
152            android:configChanges="keyboard|keyboardHidden|orientation|screenLayout|uiMode|screenSize|smallestScreenSize"
152-->[com.google.android.gms:play-services-ads-lite:23.0.0] AndroidManifest.xml:78:13-122
153            android:exported="false" />
153-->[com.google.android.gms:play-services-ads-lite:23.0.0] AndroidManifest.xml:79:13-37
154        <activity
154-->[com.google.android.gms:play-services-ads-lite:23.0.0] AndroidManifest.xml:81:9-88:43
155            android:name="com.google.android.gms.ads.NotificationHandlerActivity"
155-->[com.google.android.gms:play-services-ads-lite:23.0.0] AndroidManifest.xml:82:13-82
156            android:excludeFromRecents="true"
156-->[com.google.android.gms:play-services-ads-lite:23.0.0] AndroidManifest.xml:83:13-46
157            android:exported="false"
157-->[com.google.android.gms:play-services-ads-lite:23.0.0] AndroidManifest.xml:84:13-37
158            android:launchMode="singleTask"
158-->[com.google.android.gms:play-services-ads-lite:23.0.0] AndroidManifest.xml:85:13-44
159            android:taskAffinity=""
159-->[com.google.android.gms:play-services-ads-lite:23.0.0] AndroidManifest.xml:86:13-36
160            android:theme="@android:style/Theme.Translucent.NoTitleBar" />
160-->[com.google.android.gms:play-services-ads-lite:23.0.0] AndroidManifest.xml:87:13-72
161
162        <property
162-->[com.google.android.gms:play-services-ads-lite:23.0.0] AndroidManifest.xml:90:9-92:62
163            android:name="android.adservices.AD_SERVICES_CONFIG"
163-->[com.google.android.gms:play-services-ads-lite:23.0.0] AndroidManifest.xml:91:13-65
164            android:resource="@xml/gma_ad_services_config" />
164-->[com.google.android.gms:play-services-ads-lite:23.0.0] AndroidManifest.xml:92:13-59
165
166        <service
166-->[com.google.android.gms:play-services-mlkit-barcode-scanning:18.3.0] AndroidManifest.xml:9:9-15:19
167            android:name="com.google.mlkit.common.internal.MlKitComponentDiscoveryService"
167-->[com.google.android.gms:play-services-mlkit-barcode-scanning:18.3.0] AndroidManifest.xml:10:13-91
168            android:directBootAware="true"
168-->[com.google.mlkit:common:18.9.0] AndroidManifest.xml:17:13-43
169            android:exported="false" >
169-->[com.google.android.gms:play-services-mlkit-barcode-scanning:18.3.0] AndroidManifest.xml:11:13-37
170            <meta-data
170-->[com.google.android.gms:play-services-mlkit-barcode-scanning:18.3.0] AndroidManifest.xml:12:13-14:85
171                android:name="com.google.firebase.components:com.google.mlkit.vision.barcode.internal.BarcodeRegistrar"
171-->[com.google.android.gms:play-services-mlkit-barcode-scanning:18.3.0] AndroidManifest.xml:13:17-120
172                android:value="com.google.firebase.components.ComponentRegistrar" />
172-->[com.google.android.gms:play-services-mlkit-barcode-scanning:18.3.0] AndroidManifest.xml:14:17-82
173            <meta-data
173-->[com.google.mlkit:vision-common:17.3.0] AndroidManifest.xml:12:13-14:85
174                android:name="com.google.firebase.components:com.google.mlkit.vision.common.internal.VisionCommonRegistrar"
174-->[com.google.mlkit:vision-common:17.3.0] AndroidManifest.xml:13:17-124
175                android:value="com.google.firebase.components.ComponentRegistrar" />
175-->[com.google.mlkit:vision-common:17.3.0] AndroidManifest.xml:14:17-82
176            <meta-data
176-->[com.google.mlkit:common:18.9.0] AndroidManifest.xml:20:13-22:85
177                android:name="com.google.firebase.components:com.google.mlkit.common.internal.CommonComponentRegistrar"
177-->[com.google.mlkit:common:18.9.0] AndroidManifest.xml:21:17-120
178                android:value="com.google.firebase.components.ComponentRegistrar" />
178-->[com.google.mlkit:common:18.9.0] AndroidManifest.xml:22:17-82
179        </service>
180
181        <provider
181-->[com.google.mlkit:common:18.9.0] AndroidManifest.xml:9:9-13:38
182            android:name="com.google.mlkit.common.internal.MlKitInitProvider"
182-->[com.google.mlkit:common:18.9.0] AndroidManifest.xml:10:13-78
183            android:authorities="com.ardrawing.mlkitinitprovider"
183-->[com.google.mlkit:common:18.9.0] AndroidManifest.xml:11:13-69
184            android:exported="false"
184-->[com.google.mlkit:common:18.9.0] AndroidManifest.xml:12:13-37
185            android:initOrder="99" />
185-->[com.google.mlkit:common:18.9.0] AndroidManifest.xml:13:13-35
186
187        <activity
187-->[com.google.android.gms:play-services-base:18.1.0] AndroidManifest.xml:20:9-22:45
188            android:name="com.google.android.gms.common.api.GoogleApiActivity"
188-->[com.google.android.gms:play-services-base:18.1.0] AndroidManifest.xml:20:19-85
189            android:exported="false"
189-->[com.google.android.gms:play-services-base:18.1.0] AndroidManifest.xml:22:19-43
190            android:theme="@android:style/Theme.Translucent.NoTitleBar" />
190-->[com.google.android.gms:play-services-base:18.1.0] AndroidManifest.xml:21:19-78
191
192        <meta-data
192-->[com.google.android.gms:play-services-basement:18.2.0] AndroidManifest.xml:21:9-23:69
193            android:name="com.google.android.gms.version"
193-->[com.google.android.gms:play-services-basement:18.2.0] AndroidManifest.xml:22:13-58
194            android:value="@integer/google_play_services_version" />
194-->[com.google.android.gms:play-services-basement:18.2.0] AndroidManifest.xml:23:13-66
195
196        <provider
196-->[androidx.emoji2:emoji2:1.2.0] AndroidManifest.xml:24:9-32:20
197            android:name="androidx.startup.InitializationProvider"
197-->[androidx.emoji2:emoji2:1.2.0] AndroidManifest.xml:25:13-67
198            android:authorities="com.ardrawing.androidx-startup"
198-->[androidx.emoji2:emoji2:1.2.0] AndroidManifest.xml:26:13-68
199            android:exported="false" >
199-->[androidx.emoji2:emoji2:1.2.0] AndroidManifest.xml:27:13-37
200            <meta-data
200-->[androidx.emoji2:emoji2:1.2.0] AndroidManifest.xml:29:13-31:52
201                android:name="androidx.emoji2.text.EmojiCompatInitializer"
201-->[androidx.emoji2:emoji2:1.2.0] AndroidManifest.xml:30:17-75
202                android:value="androidx.startup" />
202-->[androidx.emoji2:emoji2:1.2.0] AndroidManifest.xml:31:17-49
203            <meta-data
203-->[androidx.lifecycle:lifecycle-process:2.4.1] AndroidManifest.xml:31:13-33:52
204                android:name="androidx.lifecycle.ProcessLifecycleInitializer"
204-->[androidx.lifecycle:lifecycle-process:2.4.1] AndroidManifest.xml:32:17-78
205                android:value="androidx.startup" />
205-->[androidx.lifecycle:lifecycle-process:2.4.1] AndroidManifest.xml:33:17-49
206            <meta-data
206-->[androidx.work:work-runtime:2.7.0] AndroidManifest.xml:36:13-38:52
207                android:name="androidx.work.WorkManagerInitializer"
207-->[androidx.work:work-runtime:2.7.0] AndroidManifest.xml:37:17-68
208                android:value="androidx.startup" />
208-->[androidx.work:work-runtime:2.7.0] AndroidManifest.xml:38:17-49
209        </provider>
210
211        <service
211-->[androidx.work:work-runtime:2.7.0] AndroidManifest.xml:41:9-46:35
212            android:name="androidx.work.impl.background.systemalarm.SystemAlarmService"
212-->[androidx.work:work-runtime:2.7.0] AndroidManifest.xml:42:13-88
213            android:directBootAware="false"
213-->[androidx.work:work-runtime:2.7.0] AndroidManifest.xml:43:13-44
214            android:enabled="@bool/enable_system_alarm_service_default"
214-->[androidx.work:work-runtime:2.7.0] AndroidManifest.xml:44:13-72
215            android:exported="false" />
215-->[androidx.work:work-runtime:2.7.0] AndroidManifest.xml:45:13-37
216        <service
216-->[androidx.work:work-runtime:2.7.0] AndroidManifest.xml:47:9-53:35
217            android:name="androidx.work.impl.background.systemjob.SystemJobService"
217-->[androidx.work:work-runtime:2.7.0] AndroidManifest.xml:48:13-84
218            android:directBootAware="false"
218-->[androidx.work:work-runtime:2.7.0] AndroidManifest.xml:49:13-44
219            android:enabled="@bool/enable_system_job_service_default"
219-->[androidx.work:work-runtime:2.7.0] AndroidManifest.xml:50:13-70
220            android:exported="true"
220-->[androidx.work:work-runtime:2.7.0] AndroidManifest.xml:51:13-36
221            android:permission="android.permission.BIND_JOB_SERVICE" />
221-->[androidx.work:work-runtime:2.7.0] AndroidManifest.xml:52:13-69
222        <service
222-->[androidx.work:work-runtime:2.7.0] AndroidManifest.xml:54:9-59:35
223            android:name="androidx.work.impl.foreground.SystemForegroundService"
223-->[androidx.work:work-runtime:2.7.0] AndroidManifest.xml:55:13-81
224            android:directBootAware="false"
224-->[androidx.work:work-runtime:2.7.0] AndroidManifest.xml:56:13-44
225            android:enabled="@bool/enable_system_foreground_service_default"
225-->[androidx.work:work-runtime:2.7.0] AndroidManifest.xml:57:13-77
226            android:exported="false" />
226-->[androidx.work:work-runtime:2.7.0] AndroidManifest.xml:58:13-37
227
228        <receiver
228-->[androidx.work:work-runtime:2.7.0] AndroidManifest.xml:61:9-66:35
229            android:name="androidx.work.impl.utils.ForceStopRunnable$BroadcastReceiver"
229-->[androidx.work:work-runtime:2.7.0] AndroidManifest.xml:62:13-88
230            android:directBootAware="false"
230-->[androidx.work:work-runtime:2.7.0] AndroidManifest.xml:63:13-44
231            android:enabled="true"
231-->[androidx.work:work-runtime:2.7.0] AndroidManifest.xml:64:13-35
232            android:exported="false" />
232-->[androidx.work:work-runtime:2.7.0] AndroidManifest.xml:65:13-37
233        <receiver
233-->[androidx.work:work-runtime:2.7.0] AndroidManifest.xml:67:9-77:20
234            android:name="androidx.work.impl.background.systemalarm.ConstraintProxy$BatteryChargingProxy"
234-->[androidx.work:work-runtime:2.7.0] AndroidManifest.xml:68:13-106
235            android:directBootAware="false"
235-->[androidx.work:work-runtime:2.7.0] AndroidManifest.xml:69:13-44
236            android:enabled="false"
236-->[androidx.work:work-runtime:2.7.0] AndroidManifest.xml:70:13-36
237            android:exported="false" >
237-->[androidx.work:work-runtime:2.7.0] AndroidManifest.xml:71:13-37
238            <intent-filter>
238-->[androidx.work:work-runtime:2.7.0] AndroidManifest.xml:73:13-76:29
239                <action android:name="android.intent.action.ACTION_POWER_CONNECTED" />
239-->[androidx.work:work-runtime:2.7.0] AndroidManifest.xml:74:17-87
239-->[androidx.work:work-runtime:2.7.0] AndroidManifest.xml:74:25-84
240                <action android:name="android.intent.action.ACTION_POWER_DISCONNECTED" />
240-->[androidx.work:work-runtime:2.7.0] AndroidManifest.xml:75:17-90
240-->[androidx.work:work-runtime:2.7.0] AndroidManifest.xml:75:25-87
241            </intent-filter>
242        </receiver>
243        <receiver
243-->[androidx.work:work-runtime:2.7.0] AndroidManifest.xml:78:9-88:20
244            android:name="androidx.work.impl.background.systemalarm.ConstraintProxy$BatteryNotLowProxy"
244-->[androidx.work:work-runtime:2.7.0] AndroidManifest.xml:79:13-104
245            android:directBootAware="false"
245-->[androidx.work:work-runtime:2.7.0] AndroidManifest.xml:80:13-44
246            android:enabled="false"
246-->[androidx.work:work-runtime:2.7.0] AndroidManifest.xml:81:13-36
247            android:exported="false" >
247-->[androidx.work:work-runtime:2.7.0] AndroidManifest.xml:82:13-37
248            <intent-filter>
248-->[androidx.work:work-runtime:2.7.0] AndroidManifest.xml:84:13-87:29
249                <action android:name="android.intent.action.BATTERY_OKAY" />
249-->[androidx.work:work-runtime:2.7.0] AndroidManifest.xml:85:17-77
249-->[androidx.work:work-runtime:2.7.0] AndroidManifest.xml:85:25-74
250                <action android:name="android.intent.action.BATTERY_LOW" />
250-->[androidx.work:work-runtime:2.7.0] AndroidManifest.xml:86:17-76
250-->[androidx.work:work-runtime:2.7.0] AndroidManifest.xml:86:25-73
251            </intent-filter>
252        </receiver>
253        <receiver
253-->[androidx.work:work-runtime:2.7.0] AndroidManifest.xml:89:9-99:20
254            android:name="androidx.work.impl.background.systemalarm.ConstraintProxy$StorageNotLowProxy"
254-->[androidx.work:work-runtime:2.7.0] AndroidManifest.xml:90:13-104
255            android:directBootAware="false"
255-->[androidx.work:work-runtime:2.7.0] AndroidManifest.xml:91:13-44
256            android:enabled="false"
256-->[androidx.work:work-runtime:2.7.0] AndroidManifest.xml:92:13-36
257            android:exported="false" >
257-->[androidx.work:work-runtime:2.7.0] AndroidManifest.xml:93:13-37
258            <intent-filter>
258-->[androidx.work:work-runtime:2.7.0] AndroidManifest.xml:95:13-98:29
259                <action android:name="android.intent.action.DEVICE_STORAGE_LOW" />
259-->[androidx.work:work-runtime:2.7.0] AndroidManifest.xml:96:17-83
259-->[androidx.work:work-runtime:2.7.0] AndroidManifest.xml:96:25-80
260                <action android:name="android.intent.action.DEVICE_STORAGE_OK" />
260-->[androidx.work:work-runtime:2.7.0] AndroidManifest.xml:97:17-82
260-->[androidx.work:work-runtime:2.7.0] AndroidManifest.xml:97:25-79
261            </intent-filter>
262        </receiver>
263        <receiver
263-->[androidx.work:work-runtime:2.7.0] AndroidManifest.xml:100:9-109:20
264            android:name="androidx.work.impl.background.systemalarm.ConstraintProxy$NetworkStateProxy"
264-->[androidx.work:work-runtime:2.7.0] AndroidManifest.xml:101:13-103
265            android:directBootAware="false"
265-->[androidx.work:work-runtime:2.7.0] AndroidManifest.xml:102:13-44